<?xml version="1.0" encoding="UTF-8"?>
<testsuite xmlns:xsi="http://www.w3.org/2001/XMLSchema-instance" xsi:noNamespaceSchemaLocation="https://maven.apache.org/surefire/maven-surefire-plugin/xsd/surefire-test-report-3.0.xsd" version="3.0" name="favqs.FavqsListQuotesTest" time="3.373" tests="3" errors="0" skipped="0" failures="0">
  <properties>
[...]
</properties>
  <testcase name="getQuotesbyMarkTwain" classname="favqs.FavqsListQuotesTest" time="1.481"/>
  <testcase name="getQuotesContainingFunny" classname="favqs.FavqsListQuotesTest" time="1.02">
    <system-out><![CDATA[Here comes the response{"page":1,"last_page":false,"quotes":[{"id":1265,"dialogue":false,"private":false,"tags":["age","funny"],"url":"https://favqs.com/quotes/rowan-atkinson/1265-no-no-i-was-on-","favorites_count":1,"upvotes_count":0,"downvotes_count":0,"author":"Rowan Atkinson","author_permalink":"rowan-atkinson","body":"No, no, I was only funny on stage, really. I, I, think I was funny as a person toward my classmates when I was very young. You know, when I was a child, up to about the age of 12."},{"id":2759,"dialogue":false,"private":false,"tags":["funny"],"url":"https://favqs.com/quotes/mitch-hedberg/2759-why-is-cloud-9-","favorites_count":1,"upvotes_count":2,"downvotes_count":0,"author":"Mitch Hedberg","author_permalink":"mitch-hedberg","body":"Why is Cloud 9 so amazing? What is wrong with Cloud 8? That joke came off the top of my head, and the top of my head ain't funny!"},{"id":2917,"dialogue":false,"private":false,"tags":["amazing","funny"],"url":"https://favqs.com/quotes/beth-ditto/2917-my-size-has-he-","favorites_count":1,"upvotes_count":0,"downvotes_count":0,"author":"Beth Ditto","author_permalink":"beth-ditto","body":"My size has helped make me an amazing performer too. The cliche of the Funny Fat Friend: I absolutely was that character - I am that character... It's a complicated bag of tools I acquired, and I've put them all to work onstage."},{"id":3329,"dialogue":false,"private":false,"tags":["amazing"],"url":"https://favqs.com/quotes/linda-hamilton/3329-my-heart-is-so-","favorites_count":0,"upvotes_count":0,"downvotes_count":0,"author":"Linda Hamilton","author_permalink":"linda-hamilton","body":"My heart is so light that it's amazing. I get to play all this grief, all this loss, all this disaster and chaos. It's hysterically funny. I am very light."},{"id":3561,"dialogue":false,"private":false,"tags":["amazing"],"url":"https://favqs.com/quotes/majel-barrett/3561-you-go-through-","favorites_count":0,"upvotes_count":0,"downvotes_count":0,"author":"Majel Barrett","author_permalink":"majel-barrett","body":"You go through at least the first two years of Star Trek and you find some amazing stuff. Everything that was going on Gene put into the series. He just put strange costumes on the actors and painted them funny colours and left the same situation in."},{"id":25003,"dialogue":false,"private":false,"tags":["funny"],"url":"https://favqs.com/quotes/chris-rock/25003-hollywood-s-j-","favorites_count":0,"upvotes_count":0,"downvotes_count":0,"author":"Chris Rock","author_permalink":"chris-rock","body":"Hollywood's just not funny."},{"id":25357,"dialogue":false,"private":false,"tags":["funny"],"url":"https://favqs.com/quotes/ridley-scott/25357-i-knew-exactl-","favorites_count":0,"upvotes_count":0,"downvotes_count":0,"author":"Ridley Scott","author_permalink":"ridley-scott","body":"I knew exactly what to do on Alien, it was funny."},{"id":25356,"dialogue":false,"private":false,"tags":["funny"],"url":"https://favqs.com/quotes/sophie-ellis-bextor/25356-it-s-funny-ho-","favorites_count":0,"upvotes_count":0,"downvotes_count":0,"author":"Sophie Ellis-Bextor","author_permalink":"sophie-ellis-bextor","body":"It's funny how intimate it feels to get a text."},{"id":5249,"dialogue":false,"private":false,"tags":["art","funny"],"url":"https://favqs.com/quotes/jonathan-safran-foer/5249-literature-has-","favorites_count":0,"upvotes_count":0,"downvotes_count":0,"author":"Jonathan Safran Foer","author_permalink":"jonathan-safran-foer","body":"Literature has drawn a funny perimeter that other art forms haven't."},{"id":5350,"dialogue":false,"private":false,"tags":["attitude","funny"],"url":"https://favqs.com/quotes/flip-wilson/5350-funny-is-an-at-","favorites_count":0,"upvotes_count":0,"downvotes_count":0,"author":"Flip Wilson","author_permalink":"flip-wilson","body":"Funny is an attitude."},{"id":5553,"dialogue":false,"private":false,"tags":["attitude","funny"],"url":"https://favqs.com/quotes/don-rickles/5553-you-know-what--","favorites_count":0,"upvotes_count":0,"downvotes_count":0,"author":"Don Rickles","author_permalink":"don-rickles","body":"You know what's funny to me? Attitude."},{"id":5722,"dialogue":false,"private":false,"tags":["attitude"],"url":"https://favqs.com/quotes/james-welch/5722-the-townspeopl-","favorites_count":0,"upvotes_count":0,"downvotes_count":0,"author":"James Welch","author_permalink":"james-welch","body":"The townspeople outside the reservations had a very superior attitude toward Indians, which was kind of funny, because they weren't very wealthy they were on the fringes of society themselves."},{"id":6425,"dialogue":false,"private":false,"tags":["beauty","funny"],"url":"https://favqs.com/quotes/lauren-graham/6425-i-didn-t-grow--","favorites_count":0,"upvotes_count":0,"downvotes_count":0,"author":"Lauren Graham","author_permalink":"lauren-graham","body":"I didn't grow up identifying with beauty. I grew up thinking I could be smart and funny - those are the things I got feedback on."},{"id":6731,"dialogue":false,"private":false,"tags":["best","funny","life"],"url":"https://favqs.com/quotes/w-somerset-maugham/6731-it-s-a-funny-t-","favorites_count":0,"upvotes_count":0,"downvotes_count":0,"author":"W. Somerset Maugham","author_permalink":"w-somerset-maugham","body":"It's a funny thing about life if you refuse to accept anything but the best, you very often get it."},{"id":7160,"dialogue":false,"private":false,"tags":["best","funny"],"url":"https://favqs.com/quotes/david-ogilvy/7160-the-best-ideas-","favorites_count":0,"upvotes_count":0,"downvotes_count":0,"author":"David Ogilvy","author_permalink":"david-ogilvy","body":"The best ideas come as jokes. Make your thinking as funny as possible."},{"id":7354,"dialogue":false,"private":false,"tags":["best","funny"],"url":"https://favqs.com/quotes/steve-martin/7354-i-ve-always-be-","favorites_count":0,"upvotes_count":0,"downvotes_count":0,"author":"Steve Martin","author_permalink":"steve-martin","body":"I've always believed that there are funny people everywhere, but they're just not comedians. In fact, some of my best comedic inspirations were not professional entertainers."},{"id":7434,"dialogue":false,"private":false,"tags":["best","funny"],"url":"https://favqs.com/quotes/j-k-rowling/7434-the-middle-cla-","favorites_count":0,"upvotes_count":0,"downvotes_count":0,"author":"J. K. Rowling","author_permalink":"j-k-rowling","body":"The middle class is so funny, it's the class I know best, and it's the class where you find the most pretension, so that's what makes the middle classes so funny."},{"id":7573,"dialogue":false,"private":false,"tags":["best","funny"],"url":"https://favqs.com/quotes/tom-hiddleston/7573-if-you-play-it-","favorites_count":0,"upvotes_count":0,"downvotes_count":0,"author":"Tom Hiddleston","author_permalink":"tom-hiddleston","body":"If you play it straight it's funny - the best comedy is always played straight down the middle. The adjustment is understanding from the screenplay that a moment is hilarious."},{"id":9133,"dialogue":false,"private":false,"tags":["car","funny","mom"],"url":"https://favqs.com/quotes/criss-angel/9133-it-s-so-funny--","favorites_count":0,"upvotes_count":0,"downvotes_count":0,"author":"Criss Angel","author_permalink":"criss-angel","body":"It's so funny looking back, but my so-called overnight success actually took 15 years. I remember when I didn't have any money, and my only car was mom's Hyundai."},{"id":9487,"dialogue":false,"private":false,"tags":["car","sports"],"url":"https://favqs.com/quotes/corey-stoll/9487-it-s-funny-i-m-","favorites_count":0,"upvotes_count":0,"downvotes_count":0,"author":"Corey Stoll","author_permalink":"corey-stoll","body":"It's funny I'm in some ways hopelessly masculine, but I don't fish, I don't hunt, I'm not that into sports. I can't fix a car. I think it's my point of view and the way I see the world."},{"id":25045,"dialogue":false,"private":false,"tags":["funny"],"url":"https://favqs.com/quotes/maynard-james-keenan/25045-actually-i-ne-","favorites_count":0,"upvotes_count":0,"downvotes_count":0,"author":"Maynard James Keenan","author_permalink":"maynard-james-keenan","body":"Actually I never did stand up. I'm not that funny."},{"id":11461,"dialogue":false,"private":false,"tags":["cool","funny"],"url":"https://favqs.com/quotes/james-denton/11461-the-promos-wi-","favorites_count":0,"upvotes_count":0,"downvotes_count":0,"author":"James Denton","author_permalink":"james-denton","body":"The promos with all of the beautiful women probably attracted some men, but the mystery story line is pretty cool. It's got that dark edge, and people will watch anything funny."},{"id":11523,"dialogue":false,"private":false,"tags":["cool"],"url":"https://favqs.com/quotes/martin-short/11523-david-lynch-a-","favorites_count":0,"upvotes_count":0,"downvotes_count":0,"author":"Martin Short","author_permalink":"martin-short","body":"David Lynch and I almost made a movie together in the late '80s. We had lots of dinners and lunches. He's a very cool, hip guy. This film, let's face it, is like an homage to him, I would imagine he'd find it funny."},{"id":11529,"dialogue":false,"private":false,"tags":["cool"],"url":"https://favqs.com/quotes/matthew-vaughn/11529-i-think-movie-","favorites_count":0,"upvotes_count":0,"downvotes_count":0,"author":"Matthew Vaughn","author_permalink":"matthew-vaughn","body":"I think movies glamorize violence, in the sense that they make it in a way that it's either cool or funny."},{"id":11589,"dialogue":false,"private":false,"tags":["cool"],"url":"https://favqs.com/quotes/dakota-fanning/11589-courtney-love-","favorites_count":0,"upvotes_count":0,"downvotes_count":0,"author":"Dakota Fanning","author_permalink":"dakota-fanning","body":"Courtney Love is really cool and funny. I would like to meet Julia Roberts and Cameron Diaz. I think I could play their daughters."}]}
]]></system-out>
  </testcase>
  <testcase name="getQuotesTagFunny" classname="favqs.FavqsListQuotesTest" time="0.869"/>
</testsuite>