<?xml version="1.0" encoding="UTF-8"?>
<testsuite xmlns:xsi="http://www.w3.org/2001/XMLSchema-instance" xsi:noNamespaceSchemaLocation="https://maven.apache.org/surefire/maven-surefire-plugin/xsd/surefire-test-report-3.0.xsd" version="3.0" name="favqs.FavqsFavQuotesTest" time="2.711" tests="2" errors="0" skipped="0" failures="0">
  <properties>
[...]
</properties>
  <testcase name="createSession" classname="favqs.FavqsFavQuotesTest" time="2.084">
    <system-out><![CDATA[Here comes the response{"error_code": 23, "message": "User login or password is missing."}
]]></system-out>
  </testcase>
  <testcase name="favQuote" classname="favqs.FavqsFavQuotesTest" time="0.601">
    <system-out><![CDATA[Here comes the response{"error_code": 20, "message": "No user session found."}
]]></system-out>
  </testcase>
</testsuite>